<?xml version="1.0" encoding="UTF-8"?>
<!-- Generated by org.testng.reporters.JUnitXMLReporter -->
<testsuite ignored="0" hostname="DESKTOP-6R86IG7" failures="0" tests="3" name="Test" time="240.25" errors="0" timestamp="17 Jan 2025 11:56:04 GMT">
  <testcase classname="OnBoardingAppScenariosTest.OnBoardingAppLoginTest" name="LoginTest" time="8.051"/>
  <testcase classname="OnBoardingAppScenariosTest.OnBoardingAppLoginTest" name="createContractTest" time="58.08"/>
  <testcase classname="OnBoardingAppScenariosTest.OnBoardingAppLoginTest" name="ContractAgreementTest" time="153.535"/>
</testsuite> <!-- Test -->
