<?xml version="1.0" encoding="UTF-8"?>
<!-- Generated by org.testng.reporters.JUnitXMLReporter -->
<testsuite ignored="1" hostname="DESKTOP-6R86IG7" failures="0" tests="1" name="Default test" time="18.315" errors="0" timestamp="16 Jan 2025 05:45:00 GMT">
  <testcase classname="OnBoardingAppScenariosTest.OnBoardingAppLoginTest" name="LoginTest" time="7.202"/>
  <testcase classname="OnBoardingAppScenariosTest.OnBoardingAppLoginTest" name="createContractTest" time="0.0">
    <ignored/>
  </testcase> <!-- createContractTest -->
</testsuite> <!-- Default test -->
